= Invalid execution results =
Parallel part:
| add(2):    true         | remove(2): true [1,-,1] | add(3):     true [1,-,-] |
| remove(2): true [1,-,-] | remove(3): true [1,1,1] | iterator(): []   [1,-,1] |
---
values in "[..]" brackets indicate the number of completed operations
in each of the parallel threads seen at the beginning of the current operation
---

= The following interleaving leads to the error =
Parallel part trace:
| add(2): true                                                                                    |                      |                                                                                                                 |
| remove(2)                                                                                       |                      |                                                                                                                 |
|   remove(2): true at LincheckLockFreeSetTest.remove(LincheckLockFreeSetTest.kt:24)              |                      |                                                                                                                 |
|     findKey(2): Pair@1 at LockFreeSetImpl.remove(LockFreeSetImpl.java:164)                      |                      |                                                                                                                 |
|     switch                                                                                      |                      |                                                                                                                 |
|                                                                                                 |                      | add(3): true                                                                                                    |
|                                                                                                 |                      | iterator()                                                                                                      |
|                                                                                                 |                      |   iterator(): LockFreeIterator@1 at LincheckLockFreeSetTest.iterator(LincheckLockFreeSetTest.kt:33)             |
|                                                                                                 |                      |     <init>(LockFreeSetImpl@1) at LockFreeSetImpl.iterator(LockFreeSetImpl.java:220)                             |
|                                                                                                 |                      |       access$100(LockFreeSetImpl@1): Node@1 at LockFreeSetImpl$LockFreeIterator.<init>(LockFreeSetImpl.java:52) |
|                                                                                                 |                      |       getReference(): Node@2 at LockFreeSetImpl$LockFreeIterator.<init>(LockFreeSetImpl.java:53)                |
|                                                                                                 |                      |       get(int[]@1): Node@3 at LockFreeSetImpl$LockFreeIterator.<init>(LockFreeSetImpl.java:58)                  |
|                                                                                                 |                      |       get(int[]@2): null at LockFreeSetImpl$LockFreeIterator.<init>(LockFreeSetImpl.java:58)                    |
|                                                                                                 |                      |       access$100(LockFreeSetImpl@1): Node@1 at LockFreeSetImpl$LockFreeIterator.<init>(LockFreeSetImpl.java:77) |
|                                                                                                 |                      |       getReference(): Node@2 at LockFreeSetImpl$LockFreeIterator.<init>(LockFreeSetImpl.java:78)                |
|                                                                                                 |                      |       get(int[]@3): Node@3 at LockFreeSetImpl$LockFreeIterator.<init>(LockFreeSetImpl.java:83)                  |
|                                                                                                 |                      |       getStamp(): 8 at LockFreeSetImpl$LockFreeIterator.<init>(LockFreeSetImpl.java:93)                         |
|                                                                                                 |                      |       switch                                                                                                    |
|                                                                                                 | remove(2): true      |                                                                                                                 |
|                                                                                                 | remove(3): true      |                                                                                                                 |
|                                                                                                 |   thread is finished |                                                                                                                 |
|                                                                                                 |                      |       get(int[]@4): null at LockFreeSetImpl$LockFreeIterator.<init>(LockFreeSetImpl.java:83)                    |
|                                                                                                 |                      |       getStamp(): 9 at LockFreeSetImpl$LockFreeIterator.<init>(LockFreeSetImpl.java:87)                         |
|                                                                                                 |                      |       getAndIncrement(): 7 at LockFreeSetImpl$LockFreeIterator.<init>(LockFreeSetImpl.java:88)                  |
|                                                                                                 |                      |       compareAndSet(Node@3,null,9,14): true at LockFreeSetImpl$LockFreeIterator.<init>(LockFreeSetImpl.java:89) |
|                                                                                                 |                      |       access$100(LockFreeSetImpl@1): Node@1 at LockFreeSetImpl$LockFreeIterator.<init>(LockFreeSetImpl.java:52) |
|                                                                                                 |                      |       getReference(): null at LockFreeSetImpl$LockFreeIterator.<init>(LockFreeSetImpl.java:53)                  |
|                                                                                                 |                      |       access$100(LockFreeSetImpl@1): Node@1 at LockFreeSetImpl$LockFreeIterator.<init>(LockFreeSetImpl.java:77) |
|                                                                                                 |                      |       getReference(): null at LockFreeSetImpl$LockFreeIterator.<init>(LockFreeSetImpl.java:78)                  |
|                                                                                                 |                      |   result: []                                                                                                    |
|                                                                                                 |                      |   thread is finished                                                                                            |
|     get(int[]@5): null at LockFreeSetImpl.remove(LockFreeSetImpl.java:169)                      |                      |                                                                                                                 |
|     compareAndSet(null,null,14,15): true at LockFreeSetImpl.remove(LockFreeSetImpl.java:172)    |                      |                                                                                                                 |
|     getStamp(): 12 at LockFreeSetImpl.remove(LockFreeSetImpl.java:174)                          |                      |                                                                                                                 |
|     getAndIncrement(): 8 at LockFreeSetImpl.remove(LockFreeSetImpl.java:175)                    |                      |                                                                                                                 |
|     compareAndSet(Node@2,null,12,16): false at LockFreeSetImpl.remove(LockFreeSetImpl.java:176) |                      |                                                                                                                 |
|   result: true                                                                                  |                      |                                                                                                                 |
|   thread is finished                                                                            |                      |                                                                                                                 |
org.jetbrains.kotlinx.lincheck.LincheckAssertionError:
= Invalid execution results =
Parallel part:
| add(2):    true         | remove(2): true [1,-,1] | add(3):     true [1,-,-] |
| remove(2): true [1,-,-] | remove(3): true [1,1,1] | iterator(): []   [1,-,1] |
---
values in "[..]" brackets indicate the number of completed operations
in each of the parallel threads seen at the beginning of the current operation
---

= The following interleaving leads to the error =
Parallel part trace:
| add(2): true                                                                                    |                      |                                                                                                                 |
| remove(2)                                                                                       |                      |                                                                                                                 |
|   remove(2): true at LincheckLockFreeSetTest.remove(LincheckLockFreeSetTest.kt:24)              |                      |                                                                                                                 |
|     findKey(2): Pair@1 at LockFreeSetImpl.remove(LockFreeSetImpl.java:164)                      |                      |                                                                                                                 |
|     switch                                                                                      |                      |                                                                                                                 |
|                                                                                                 |                      | add(3): true                                                                                                    |
|                                                                                                 |                      | iterator()                                                                                                      |
|                                                                                                 |                      |   iterator(): LockFreeIterator@1 at LincheckLockFreeSetTest.iterator(LincheckLockFreeSetTest.kt:33)             |
|                                                                                                 |                      |     <init>(LockFreeSetImpl@1) at LockFreeSetImpl.iterator(LockFreeSetImpl.java:220)                             |
|                                                                                                 |                      |       access$100(LockFreeSetImpl@1): Node@1 at LockFreeSetImpl$LockFreeIterator.<init>(LockFreeSetImpl.java:52) |
|                                                                                                 |                      |       getReference(): Node@2 at LockFreeSetImpl$LockFreeIterator.<init>(LockFreeSetImpl.java:53)                |
|                                                                                                 |                      |       get(int[]@1): Node@3 at LockFreeSetImpl$LockFreeIterator.<init>(LockFreeSetImpl.java:58)                  |
|                                                                                                 |                      |       get(int[]@2): null at LockFreeSetImpl$LockFreeIterator.<init>(LockFreeSetImpl.java:58)                    |
|                                                                                                 |                      |       access$100(LockFreeSetImpl@1): Node@1 at LockFreeSetImpl$LockFreeIterator.<init>(LockFreeSetImpl.java:77) |
|                                                                                                 |                      |       getReference(): Node@2 at LockFreeSetImpl$LockFreeIterator.<init>(LockFreeSetImpl.java:78)                |
|                                                                                                 |                      |       get(int[]@3): Node@3 at LockFreeSetImpl$LockFreeIterator.<init>(LockFreeSetImpl.java:83)                  |
|                                                                                                 |                      |       getStamp(): 8 at LockFreeSetImpl$LockFreeIterator.<init>(LockFreeSetImpl.java:93)                         |
|                                                                                                 |                      |       switch                                                                                                    |
|                                                                                                 | remove(2): true      |                                                                                                                 |
|                                                                                                 | remove(3): true      |                                                                                                                 |
|                                                                                                 |   thread is finished |                                                                                                                 |
|                                                                                                 |                      |       get(int[]@4): null at LockFreeSetImpl$LockFreeIterator.<init>(LockFreeSetImpl.java:83)                    |
|                                                                                                 |                      |       getStamp(): 9 at LockFreeSetImpl$LockFreeIterator.<init>(LockFreeSetImpl.java:87)                         |
|                                                                                                 |                      |       getAndIncrement(): 7 at LockFreeSetImpl$LockFreeIterator.<init>(LockFreeSetImpl.java:88)                  |
|                                                                                                 |                      |       compareAndSet(Node@3,null,9,14): true at LockFreeSetImpl$LockFreeIterator.<init>(LockFreeSetImpl.java:89) |
|                                                                                                 |                      |       access$100(LockFreeSetImpl@1): Node@1 at LockFreeSetImpl$LockFreeIterator.<init>(LockFreeSetImpl.java:52) |
|                                                                                                 |                      |       getReference(): null at LockFreeSetImpl$LockFreeIterator.<init>(LockFreeSetImpl.java:53)                  |
|                                                                                                 |                      |       access$100(LockFreeSetImpl@1): Node@1 at LockFreeSetImpl$LockFreeIterator.<init>(LockFreeSetImpl.java:77) |
|                                                                                                 |                      |       getReference(): null at LockFreeSetImpl$LockFreeIterator.<init>(LockFreeSetImpl.java:78)                  |
|                                                                                                 |                      |   result: []                                                                                                    |
|                                                                                                 |                      |   thread is finished                                                                                            |
|     get(int[]@5): null at LockFreeSetImpl.remove(LockFreeSetImpl.java:169)                      |                      |                                                                                                                 |
|     compareAndSet(null,null,14,15): true at LockFreeSetImpl.remove(LockFreeSetImpl.java:172)    |                      |                                                                                                                 |
|     getStamp(): 12 at LockFreeSetImpl.remove(LockFreeSetImpl.java:174)                          |                      |                                                                                                                 |
|     getAndIncrement(): 8 at LockFreeSetImpl.remove(LockFreeSetImpl.java:175)                    |                      |                                                                                                                 |
|     compareAndSet(Node@2,null,12,16): false at LockFreeSetImpl.remove(LockFreeSetImpl.java:176) |                      |                                                                                                                 |
|   result: true                                                                                  |                      |                                                                                                                 |
|   thread is finished                                                                            |                      |                                                                                                                 |
	at org.jetbrains.kotlinx.lincheck.LinChecker.check(LinChecker.kt:51)
	at org.jetbrains.kotlinx.lincheck.LinChecker$Companion.check(LinChecker.kt:182)
	at shad.LincheckLockFreeSetTest.runTest_1(LincheckLockFreeSetTest.kt:48)
	at java.base/jdk.internal.reflect.NativeMethodAccessorImpl.invoke0(Native Method)
	at java.base/jdk.internal.reflect.NativeMethodAccessorImpl.invoke(NativeMethodAccessorImpl.java:62)
	at java.base/jdk.internal.reflect.DelegatingMethodAccessorImpl.invoke(DelegatingMethodAccessorImpl.java:43)
	at java.base/java.lang.reflect.Method.invoke(Method.java:566)
	at org.junit.runners.model.FrameworkMethod$1.runReflectiveCall(FrameworkMethod.java:59)
	at org.junit.internal.runners.model.ReflectiveCallable.run(ReflectiveCallable.java:12)
	at org.junit.runners.model.FrameworkMethod.invokeExplosively(FrameworkMethod.java:56)
	at org.junit.internal.runners.statements.InvokeMethod.evaluate(InvokeMethod.java:17)
	at org.junit.runners.ParentRunner$3.evaluate(ParentRunner.java:306)
	at org.junit.runners.BlockJUnit4ClassRunner$1.evaluate(BlockJUnit4ClassRunner.java:100)
	at org.junit.runners.ParentRunner.runLeaf(ParentRunner.java:366)
	at org.junit.runners.BlockJUnit4ClassRunner.runChild(BlockJUnit4ClassRunner.java:103)
	at org.junit.runners.BlockJUnit4ClassRunner.runChild(BlockJUnit4ClassRunner.java:63)
	at org.junit.runners.ParentRunner$4.run(ParentRunner.java:331)
	at org.junit.runners.ParentRunner$1.schedule(ParentRunner.java:79)
	at org.junit.runners.ParentRunner.runChildren(ParentRunner.java:329)
	at org.junit.runners.ParentRunner.access$100(ParentRunner.java:66)
	at org.junit.runners.ParentRunner$2.evaluate(ParentRunner.java:293)
	at org.junit.runners.ParentRunner$3.evaluate(ParentRunner.java:306)
	at org.junit.runners.ParentRunner.run(ParentRunner.java:413)
	at org.gradle.api.internal.tasks.testing.junit.JUnitTestClassExecutor.runTestClass(JUnitTestClassExecutor.java:110)
	at org.gradle.api.internal.tasks.testing.junit.JUnitTestClassExecutor.execute(JUnitTestClassExecutor.java:58)
	at org.gradle.api.internal.tasks.testing.junit.JUnitTestClassExecutor.execute(JUnitTestClassExecutor.java:38)
	at org.gradle.api.internal.tasks.testing.junit.AbstractJUnitTestClassProcessor.processTestClass(AbstractJUnitTestClassProcessor.java:62)
	at org.gradle.api.internal.tasks.testing.SuiteTestClassProcessor.processTestClass(SuiteTestClassProcessor.java:51)
	at java.base/jdk.internal.reflect.NativeMethodAccessorImpl.invoke0(Native Method)
	at java.base/jdk.internal.reflect.NativeMethodAccessorImpl.invoke(NativeMethodAccessorImpl.java:62)
	at java.base/jdk.internal.reflect.DelegatingMethodAccessorImpl.invoke(DelegatingMethodAccessorImpl.java:43)
	at java.base/java.lang.reflect.Method.invoke(Method.java:566)
	at org.gradle.internal.dispatch.ReflectionDispatch.dispatch(ReflectionDispatch.java:36)
	at org.gradle.internal.dispatch.ReflectionDispatch.dispatch(ReflectionDispatch.java:24)
	at org.gradle.internal.dispatch.ContextClassLoaderDispatch.dispatch(ContextClassLoaderDispatch.java:33)
	at org.gradle.internal.dispatch.ProxyDispatchAdapter$DispatchingInvocationHandler.invoke(ProxyDispatchAdapter.java:94)
	at com.sun.proxy.$Proxy2.processTestClass(Unknown Source)
	at org.gradle.api.internal.tasks.testing.worker.TestWorker.processTestClass(TestWorker.java:119)
	at java.base/jdk.internal.reflect.NativeMethodAccessorImpl.invoke0(Native Method)
	at java.base/jdk.internal.reflect.NativeMethodAccessorImpl.invoke(NativeMethodAccessorImpl.java:62)
	at java.base/jdk.internal.reflect.DelegatingMethodAccessorImpl.invoke(DelegatingMethodAccessorImpl.java:43)
	at java.base/java.lang.reflect.Method.invoke(Method.java:566)
	at org.gradle.internal.dispatch.ReflectionDispatch.dispatch(ReflectionDispatch.java:36)
	at org.gradle.internal.dispatch.ReflectionDispatch.dispatch(ReflectionDispatch.java:24)
	at org.gradle.internal.remote.internal.hub.MessageHubBackedObjectConnection$DispatchWrapper.dispatch(MessageHubBackedObjectConnection.java:182)
	at org.gradle.internal.remote.internal.hub.MessageHubBackedObjectConnection$DispatchWrapper.dispatch(MessageHubBackedObjectConnection.java:164)
	at org.gradle.internal.remote.internal.hub.MessageHub$Handler.run(MessageHub.java:414)
	at org.gradle.internal.concurrent.ExecutorPolicy$CatchAndRecordFailures.onExecute(ExecutorPolicy.java:64)
	at org.gradle.internal.concurrent.ManagedExecutorImpl$1.run(ManagedExecutorImpl.java:48)
	at java.base/java.util.concurrent.ThreadPoolExecutor.runWorker(ThreadPoolExecutor.java:1128)
	at java.base/java.util.concurrent.ThreadPoolExecutor$Worker.run(ThreadPoolExecutor.java:628)
	at org.gradle.internal.concurrent.ThreadFactoryImpl$ManagedThreadRunnable.run(ThreadFactoryImpl.java:56)
	at java.base/java.lang.Thread.run(Thread.java:834)

