= Invalid execution results =
Parallel part:
| add(-4): true | add(-7): true [1,-,-] | add(4):       true  [1,-,-] |
|               |                       | remove(-4):   true  [1,-,1] |
|               |                       | isEmpty():    false [1,1,2] |
|               |                       | iterator():   [-7]  [1,1,3] |
|               |                       | isEmpty():    false [1,1,4] |
|               |                       | isEmpty():    false [1,1,5] |
|               |                       | iterator():   [-7]  [1,1,6] |
|               |                       | contains(-4): false [1,1,7] |
|               |                       | contains(-3): false [1,1,8] |
---
values in "[..]" brackets indicate the number of completed operations
in each of the parallel threads seen at the beginning of the current operation
---

= The following interleaving leads to the error =
Parallel part trace:
| add(-4): true        |                                                                                      |                                                                                      |
|   thread is finished |                                                                                      |                                                                                      |
|                      | add(-7)                                                                              |                                                                                      |
|                      |   add(-7): true at LincheckLockFreeSetTest.add(LincheckLockFreeSetTest.kt:21)        |                                                                                      |
|                      |     find(-7): Pair@1 at LockFreeSet.add(LockFreeSet.kt:38)                           |                                                                                      |
|                      |       getReference(): Node@1 at LockFreeSet.find(LockFreeSet.kt:136)                 |                                                                                      |
|                      |       getReference(): Node@2 at LockFreeSet.find(LockFreeSet.kt:138)                 |                                                                                      |
|                      |       switch                                                                         |                                                                                      |
|                      |                                                                                      | add(4): true                                                                         |
|                      |                                                                                      | remove(-4)                                                                           |
|                      |                                                                                      |   remove(-4): true at LincheckLockFreeSetTest.remove(LincheckLockFreeSetTest.kt:24)  |
|                      |                                                                                      |     find(-4): Pair@2 at LockFreeSet.remove(LockFreeSet.kt:63)                        |
|                      |                                                                                      |     getReference(): Node@3 at LockFreeSet.remove(LockFreeSet.kt:67)                  |
|                      |                                                                                      |     getVersion(): 1 at LockFreeSet.remove(LockFreeSet.kt:68)                         |
|                      |                                                                                      |     getVersion(): 1 at LockFreeSet.remove(LockFreeSet.kt:69)                         |
|                      |                                                                                      |     compareAndSet(Node@3,Node@3,2,5): true at LockFreeSet.remove(LockFreeSet.kt:70)  |
|                      |                                                                                      |     switch                                                                           |
|                      |       getStamp(): 5 at LockFreeSet.find(LockFreeSet.kt:139)                          |                                                                                      |
|                      |       getVersion(): 1 at LockFreeSet.find(LockFreeSet.kt:140)                        |                                                                                      |
|                      |       compareAndSet(Node@1,Node@2,2,2): true at LockFreeSet.find(LockFreeSet.kt:141) |                                                                                      |
|                      |       getReference(): null at LockFreeSet.find(LockFreeSet.kt:138)                   |                                                                                      |
|                      |       getStamp(): 0 at LockFreeSet.find(LockFreeSet.kt:139)                          |                                                                                      |
|                      |     <init>(null,-7) at LockFreeSet.add(LockFreeSet.kt:42)                            |                                                                                      |
|                      |     set(Node@2,0) at LockFreeSet.add(LockFreeSet.kt:43)                              |                                                                                      |
|                      |     getVersion(): 1 at LockFreeSet.add(LockFreeSet.kt:44)                            |                                                                                      |
|                      |     compareAndSet(Node@2,Node@4,2,4): true at LockFreeSet.add(LockFreeSet.kt:45)     |                                                                                      |
|                      |   result: true                                                                       |                                                                                      |
|                      |   thread is finished                                                                 |                                                                                      |
|                      |                                                                                      |     compareAndSet(Node@1,Node@3,2,4): false at LockFreeSet.remove(LockFreeSet.kt:71) |
|                      |                                                                                      |   result: true                                                                       |
|                      |                                                                                      | isEmpty(): false                                                                     |
|                      |                                                                                      | iterator(): [-7]                                                                     |
|                      |                                                                                      | isEmpty(): false                                                                     |
|                      |                                                                                      | isEmpty(): false                                                                     |
|                      |                                                                                      | iterator(): [-7]                                                                     |
|                      |                                                                                      | contains(-4): false                                                                  |
|                      |                                                                                      | contains(-3): false                                                                  |
|                      |                                                                                      |   thread is finished                                                                 |
org.jetbrains.kotlinx.lincheck.LincheckAssertionError:
= Invalid execution results =
Parallel part:
| add(-4): true | add(-7): true [1,-,-] | add(4):       true  [1,-,-] |
|               |                       | remove(-4):   true  [1,-,1] |
|               |                       | isEmpty():    false [1,1,2] |
|               |                       | iterator():   [-7]  [1,1,3] |
|               |                       | isEmpty():    false [1,1,4] |
|               |                       | isEmpty():    false [1,1,5] |
|               |                       | iterator():   [-7]  [1,1,6] |
|               |                       | contains(-4): false [1,1,7] |
|               |                       | contains(-3): false [1,1,8] |
---
values in "[..]" brackets indicate the number of completed operations
in each of the parallel threads seen at the beginning of the current operation
---

= The following interleaving leads to the error =
Parallel part trace:
| add(-4): true        |                                                                                      |                                                                                      |
|   thread is finished |                                                                                      |                                                                                      |
|                      | add(-7)                                                                              |                                                                                      |
|                      |   add(-7): true at LincheckLockFreeSetTest.add(LincheckLockFreeSetTest.kt:21)        |                                                                                      |
|                      |     find(-7): Pair@1 at LockFreeSet.add(LockFreeSet.kt:38)                           |                                                                                      |
|                      |       getReference(): Node@1 at LockFreeSet.find(LockFreeSet.kt:136)                 |                                                                                      |
|                      |       getReference(): Node@2 at LockFreeSet.find(LockFreeSet.kt:138)                 |                                                                                      |
|                      |       switch                                                                         |                                                                                      |
|                      |                                                                                      | add(4): true                                                                         |
|                      |                                                                                      | remove(-4)                                                                           |
|                      |                                                                                      |   remove(-4): true at LincheckLockFreeSetTest.remove(LincheckLockFreeSetTest.kt:24)  |
|                      |                                                                                      |     find(-4): Pair@2 at LockFreeSet.remove(LockFreeSet.kt:63)                        |
|                      |                                                                                      |     getReference(): Node@3 at LockFreeSet.remove(LockFreeSet.kt:67)                  |
|                      |                                                                                      |     getVersion(): 1 at LockFreeSet.remove(LockFreeSet.kt:68)                         |
|                      |                                                                                      |     getVersion(): 1 at LockFreeSet.remove(LockFreeSet.kt:69)                         |
|                      |                                                                                      |     compareAndSet(Node@3,Node@3,2,5): true at LockFreeSet.remove(LockFreeSet.kt:70)  |
|                      |                                                                                      |     switch                                                                           |
|                      |       getStamp(): 5 at LockFreeSet.find(LockFreeSet.kt:139)                          |                                                                                      |
|                      |       getVersion(): 1 at LockFreeSet.find(LockFreeSet.kt:140)                        |                                                                                      |
|                      |       compareAndSet(Node@1,Node@2,2,2): true at LockFreeSet.find(LockFreeSet.kt:141) |                                                                                      |
|                      |       getReference(): null at LockFreeSet.find(LockFreeSet.kt:138)                   |                                                                                      |
|                      |       getStamp(): 0 at LockFreeSet.find(LockFreeSet.kt:139)                          |                                                                                      |
|                      |     <init>(null,-7) at LockFreeSet.add(LockFreeSet.kt:42)                            |                                                                                      |
|                      |     set(Node@2,0) at LockFreeSet.add(LockFreeSet.kt:43)                              |                                                                                      |
|                      |     getVersion(): 1 at LockFreeSet.add(LockFreeSet.kt:44)                            |                                                                                      |
|                      |     compareAndSet(Node@2,Node@4,2,4): true at LockFreeSet.add(LockFreeSet.kt:45)     |                                                                                      |
|                      |   result: true                                                                       |                                                                                      |
|                      |   thread is finished                                                                 |                                                                                      |
|                      |                                                                                      |     compareAndSet(Node@1,Node@3,2,4): false at LockFreeSet.remove(LockFreeSet.kt:71) |
|                      |                                                                                      |   result: true                                                                       |
|                      |                                                                                      | isEmpty(): false                                                                     |
|                      |                                                                                      | iterator(): [-7]                                                                     |
|                      |                                                                                      | isEmpty(): false                                                                     |
|                      |                                                                                      | isEmpty(): false                                                                     |
|                      |                                                                                      | iterator(): [-7]                                                                     |
|                      |                                                                                      | contains(-4): false                                                                  |
|                      |                                                                                      | contains(-3): false                                                                  |
|                      |                                                                                      |   thread is finished                                                                 |
	at org.jetbrains.kotlinx.lincheck.LinChecker.check(LinChecker.kt:51)
	at org.jetbrains.kotlinx.lincheck.LinChecker$Companion.check(LinChecker.kt:182)
	at shad.LincheckLockFreeSetTest.runTest_1(LincheckLockFreeSetTest.kt:48)
	at java.base/jdk.internal.reflect.NativeMethodAccessorImpl.invoke0(Native Method)
	at java.base/jdk.internal.reflect.NativeMethodAccessorImpl.invoke(NativeMethodAccessorImpl.java:62)
	at java.base/jdk.internal.reflect.DelegatingMethodAccessorImpl.invoke(DelegatingMethodAccessorImpl.java:43)
	at java.base/java.lang.reflect.Method.invoke(Method.java:566)
	at org.junit.runners.model.FrameworkMethod$1.runReflectiveCall(FrameworkMethod.java:59)
	at org.junit.internal.runners.model.ReflectiveCallable.run(ReflectiveCallable.java:12)
	at org.junit.runners.model.FrameworkMethod.invokeExplosively(FrameworkMethod.java:56)
	at org.junit.internal.runners.statements.InvokeMethod.evaluate(InvokeMethod.java:17)
	at org.junit.runners.ParentRunner$3.evaluate(ParentRunner.java:306)
	at org.junit.runners.BlockJUnit4ClassRunner$1.evaluate(BlockJUnit4ClassRunner.java:100)
	at org.junit.runners.ParentRunner.runLeaf(ParentRunner.java:366)
	at org.junit.runners.BlockJUnit4ClassRunner.runChild(BlockJUnit4ClassRunner.java:103)
	at org.junit.runners.BlockJUnit4ClassRunner.runChild(BlockJUnit4ClassRunner.java:63)
	at org.junit.runners.ParentRunner$4.run(ParentRunner.java:331)
	at org.junit.runners.ParentRunner$1.schedule(ParentRunner.java:79)
	at org.junit.runners.ParentRunner.runChildren(ParentRunner.java:329)
	at org.junit.runners.ParentRunner.access$100(ParentRunner.java:66)
	at org.junit.runners.ParentRunner$2.evaluate(ParentRunner.java:293)
	at org.junit.runners.ParentRunner$3.evaluate(ParentRunner.java:306)
	at org.junit.runners.ParentRunner.run(ParentRunner.java:413)
	at org.gradle.api.internal.tasks.testing.junit.JUnitTestClassExecutor.runTestClass(JUnitTestClassExecutor.java:110)
	at org.gradle.api.internal.tasks.testing.junit.JUnitTestClassExecutor.execute(JUnitTestClassExecutor.java:58)
	at org.gradle.api.internal.tasks.testing.junit.JUnitTestClassExecutor.execute(JUnitTestClassExecutor.java:38)
	at org.gradle.api.internal.tasks.testing.junit.AbstractJUnitTestClassProcessor.processTestClass(AbstractJUnitTestClassProcessor.java:62)
	at org.gradle.api.internal.tasks.testing.SuiteTestClassProcessor.processTestClass(SuiteTestClassProcessor.java:51)
	at java.base/jdk.internal.reflect.NativeMethodAccessorImpl.invoke0(Native Method)
	at java.base/jdk.internal.reflect.NativeMethodAccessorImpl.invoke(NativeMethodAccessorImpl.java:62)
	at java.base/jdk.internal.reflect.DelegatingMethodAccessorImpl.invoke(DelegatingMethodAccessorImpl.java:43)
	at java.base/java.lang.reflect.Method.invoke(Method.java:566)
	at org.gradle.internal.dispatch.ReflectionDispatch.dispatch(ReflectionDispatch.java:36)
	at org.gradle.internal.dispatch.ReflectionDispatch.dispatch(ReflectionDispatch.java:24)
	at org.gradle.internal.dispatch.ContextClassLoaderDispatch.dispatch(ContextClassLoaderDispatch.java:33)
	at org.gradle.internal.dispatch.ProxyDispatchAdapter$DispatchingInvocationHandler.invoke(ProxyDispatchAdapter.java:94)
	at com.sun.proxy.$Proxy2.processTestClass(Unknown Source)
	at org.gradle.api.internal.tasks.testing.worker.TestWorker.processTestClass(TestWorker.java:119)
	at java.base/jdk.internal.reflect.NativeMethodAccessorImpl.invoke0(Native Method)
	at java.base/jdk.internal.reflect.NativeMethodAccessorImpl.invoke(NativeMethodAccessorImpl.java:62)
	at java.base/jdk.internal.reflect.DelegatingMethodAccessorImpl.invoke(DelegatingMethodAccessorImpl.java:43)
	at java.base/java.lang.reflect.Method.invoke(Method.java:566)
	at org.gradle.internal.dispatch.ReflectionDispatch.dispatch(ReflectionDispatch.java:36)
	at org.gradle.internal.dispatch.ReflectionDispatch.dispatch(ReflectionDispatch.java:24)
	at org.gradle.internal.remote.internal.hub.MessageHubBackedObjectConnection$DispatchWrapper.dispatch(MessageHubBackedObjectConnection.java:182)
	at org.gradle.internal.remote.internal.hub.MessageHubBackedObjectConnection$DispatchWrapper.dispatch(MessageHubBackedObjectConnection.java:164)
	at org.gradle.internal.remote.internal.hub.MessageHub$Handler.run(MessageHub.java:414)
	at org.gradle.internal.concurrent.ExecutorPolicy$CatchAndRecordFailures.onExecute(ExecutorPolicy.java:64)
	at org.gradle.internal.concurrent.ManagedExecutorImpl$1.run(ManagedExecutorImpl.java:48)
	at java.base/java.util.concurrent.ThreadPoolExecutor.runWorker(ThreadPoolExecutor.java:1128)
	at java.base/java.util.concurrent.ThreadPoolExecutor$Worker.run(ThreadPoolExecutor.java:628)
	at org.gradle.internal.concurrent.ThreadFactoryImpl$ManagedThreadRunnable.run(ThreadFactoryImpl.java:56)
	at java.base/java.lang.Thread.run(Thread.java:834)

