= Invalid execution results =
Parallel part:
| add(1):    true [-,1,-] | add(3): true         | iterator(): [3] [1,2,-] |
| remove(3): true [1,1,-] | add(3): true [-,1,-] |                         |
---
values in "[..]" brackets indicate the number of completed operations
in each of the parallel threads seen at the beginning of the current operation
---

= The following interleaving leads to the error =
Parallel part trace:
|                                                                                                                | add(3): true                                                                                             |                      |
|                                                                                                                | add(3)                                                                                                   |                      |
|                                                                                                                |   add(3): true at LincheckLockFreeSetTest.add(LincheckLockFreeSetTest.kt:21)                             |                      |
|                                                                                                                |     <init>(LockFreeSet@1,3) at LockFreeSet.add(LockFreeSet.java:55)                                      |                      |
|                                                                                                                |     lookUp(3): ListNodePair@1 at LockFreeSet.add(LockFreeSet.java:58)                                    |                      |
|                                                                                                                |       head.READ: ListNode@1 at LockFreeSet.lookUp(LockFreeSet.java:167)                                  |                      |
|                                                                                                                |       head.READ: ListNode@1 at LockFreeSet.lookUp(LockFreeSet.java:167)                                  |                      |
|                                                                                                                |       next.READ: AtomicMarkableReference@1 at LockFreeSet.lookUp(LockFreeSet.java:167)                   |                      |
|                                                                                                                |       getReference(): ListNode@2 at LockFreeSet.lookUp(LockFreeSet.java:167)                             |                      |
|                                                                                                                |       tail.READ: ListNode@3 at LockFreeSet.lookUp(LockFreeSet.java:169)                                  |                      |
|                                                                                                                |       next.READ: AtomicMarkableReference@2 at LockFreeSet.lookUp(LockFreeSet.java:170)                   |                      |
|                                                                                                                |       getReference(): ListNode@3 at LockFreeSet.lookUp(LockFreeSet.java:170)                             |                      |
|                                                                                                                |       switch                                                                                             |                      |
| add(1): true                                                                                                   |                                                                                                          |                      |
| remove(3)                                                                                                      |                                                                                                          |                      |
|   remove(3): true at LincheckLockFreeSetTest.remove(LincheckLockFreeSetTest.kt:24)                             |                                                                                                          |                      |
|     lookUp(3): ListNodePair@2 at LockFreeSet.remove(LockFreeSet.java:86)                                       |                                                                                                          |                      |
|     next.READ: AtomicMarkableReference@2 at LockFreeSet.remove(LockFreeSet.java:87)                            |                                                                                                          |                      |
|     getReference(): ListNode@4 at LockFreeSet.remove(LockFreeSet.java:87)                                      |                                                                                                          |                      |
|     tail.READ: ListNode@3 at LockFreeSet.remove(LockFreeSet.java:89)                                           |                                                                                                          |                      |
|     next.READ: AtomicMarkableReference@2 at LockFreeSet.remove(LockFreeSet.java:91)                            |                                                                                                          |                      |
|     compareAndSet(ListNode@4,ListNode@4,false,true): true at LockFreeSet.remove(LockFreeSet.java:91)           |                                                                                                          |                      |
|     tryToRemove(ListNode@1,ListNode@2) at LockFreeSet.remove(LockFreeSet.java:92)                              |                                                                                                          |                      |
|       next.READ: AtomicMarkableReference@2 at LockFreeSet.tryToRemove(LockFreeSet.java:191)                    |                                                                                                          |                      |
|       getReference(): ListNode@4 at LockFreeSet.tryToRemove(LockFreeSet.java:191)                              |                                                                                                          |                      |
|       tail.READ: ListNode@3 at LockFreeSet.tryToRemove(LockFreeSet.java:192)                                   |                                                                                                          |                      |
|       next.READ: AtomicMarkableReference@3 at LockFreeSet.tryToRemove(LockFreeSet.java:192)                    |                                                                                                          |                      |
|       isMarked(): false at LockFreeSet.tryToRemove(LockFreeSet.java:192)                                       |                                                                                                          |                      |
|       next.READ: AtomicMarkableReference@1 at LockFreeSet.tryToRemove(LockFreeSet.java:195)                    |                                                                                                          |                      |
|       isMarked(): false at LockFreeSet.tryToRemove(LockFreeSet.java:195)                                       |                                                                                                          |                      |
|       next.READ: AtomicMarkableReference@1 at LockFreeSet.tryToRemove(LockFreeSet.java:196)                    |                                                                                                          |                      |
|       switch                                                                                                   |                                                                                                          |                      |
|                                                                                                                |       next.READ: AtomicMarkableReference@2 at LockFreeSet.lookUp(LockFreeSet.java:172)                   |                      |
|                                                                                                                |       isMarked(): true at LockFreeSet.lookUp(LockFreeSet.java:172)                                       |                      |
|                                                                                                                |       next.READ: AtomicMarkableReference@1 at LockFreeSet.lookUp(LockFreeSet.java:173)                   |                      |
|                                                                                                                |       compareAndSet(ListNode@2,ListNode@3,false,false): true at LockFreeSet.lookUp(LockFreeSet.java:173) |                      |
|                                                                                                                |       tail.READ: ListNode@3 at LockFreeSet.lookUp(LockFreeSet.java:169)                                  |                      |
|                                                                                                                |     access$000(ListNode@3): null at LockFreeSet.add(LockFreeSet.java:60)                                 |                      |
|                                                                                                                |     tail.READ: ListNode@3 at LockFreeSet.add(LockFreeSet.java:64)                                        |                      |
|                                                                                                                |     set(ListNode@3,false) at LockFreeSet.add(LockFreeSet.java:76)                                        |                      |
|                                                                                                                |     next.READ: AtomicMarkableReference@1 at LockFreeSet.add(LockFreeSet.java:77)                         |                      |
|                                                                                                                |     compareAndSet(ListNode@3,ListNode@5,false,false): true at LockFreeSet.add(LockFreeSet.java:77)       |                      |
|                                                                                                                |   result: true                                                                                           |                      |
|                                                                                                                |   thread is finished                                                                                     |                      |
|                                                                                                                |                                                                                                          | iterator(): [3]      |
|                                                                                                                |                                                                                                          |   thread is finished |
|       compareAndSet(ListNode@2,ListNode@4,false,false): false at LockFreeSet.tryToRemove(LockFreeSet.java:196) |                                                                                                          |                      |
|   result: true                                                                                                 |                                                                                                          |                      |
|   thread is finished                                                                                           |                                                                                                          |                      |
org.jetbrains.kotlinx.lincheck.LincheckAssertionError:
= Invalid execution results =
Parallel part:
| add(1):    true [-,1,-] | add(3): true         | iterator(): [3] [1,2,-] |
| remove(3): true [1,1,-] | add(3): true [-,1,-] |                         |
---
values in "[..]" brackets indicate the number of completed operations
in each of the parallel threads seen at the beginning of the current operation
---

= The following interleaving leads to the error =
Parallel part trace:
|                                                                                                                | add(3): true                                                                                             |                      |
|                                                                                                                | add(3)                                                                                                   |                      |
|                                                                                                                |   add(3): true at LincheckLockFreeSetTest.add(LincheckLockFreeSetTest.kt:21)                             |                      |
|                                                                                                                |     <init>(LockFreeSet@1,3) at LockFreeSet.add(LockFreeSet.java:55)                                      |                      |
|                                                                                                                |     lookUp(3): ListNodePair@1 at LockFreeSet.add(LockFreeSet.java:58)                                    |                      |
|                                                                                                                |       head.READ: ListNode@1 at LockFreeSet.lookUp(LockFreeSet.java:167)                                  |                      |
|                                                                                                                |       head.READ: ListNode@1 at LockFreeSet.lookUp(LockFreeSet.java:167)                                  |                      |
|                                                                                                                |       next.READ: AtomicMarkableReference@1 at LockFreeSet.lookUp(LockFreeSet.java:167)                   |                      |
|                                                                                                                |       getReference(): ListNode@2 at LockFreeSet.lookUp(LockFreeSet.java:167)                             |                      |
|                                                                                                                |       tail.READ: ListNode@3 at LockFreeSet.lookUp(LockFreeSet.java:169)                                  |                      |
|                                                                                                                |       next.READ: AtomicMarkableReference@2 at LockFreeSet.lookUp(LockFreeSet.java:170)                   |                      |
|                                                                                                                |       getReference(): ListNode@3 at LockFreeSet.lookUp(LockFreeSet.java:170)                             |                      |
|                                                                                                                |       switch                                                                                             |                      |
| add(1): true                                                                                                   |                                                                                                          |                      |
| remove(3)                                                                                                      |                                                                                                          |                      |
|   remove(3): true at LincheckLockFreeSetTest.remove(LincheckLockFreeSetTest.kt:24)                             |                                                                                                          |                      |
|     lookUp(3): ListNodePair@2 at LockFreeSet.remove(LockFreeSet.java:86)                                       |                                                                                                          |                      |
|     next.READ: AtomicMarkableReference@2 at LockFreeSet.remove(LockFreeSet.java:87)                            |                                                                                                          |                      |
|     getReference(): ListNode@4 at LockFreeSet.remove(LockFreeSet.java:87)                                      |                                                                                                          |                      |
|     tail.READ: ListNode@3 at LockFreeSet.remove(LockFreeSet.java:89)                                           |                                                                                                          |                      |
|     next.READ: AtomicMarkableReference@2 at LockFreeSet.remove(LockFreeSet.java:91)                            |                                                                                                          |                      |
|     compareAndSet(ListNode@4,ListNode@4,false,true): true at LockFreeSet.remove(LockFreeSet.java:91)           |                                                                                                          |                      |
|     tryToRemove(ListNode@1,ListNode@2) at LockFreeSet.remove(LockFreeSet.java:92)                              |                                                                                                          |                      |
|       next.READ: AtomicMarkableReference@2 at LockFreeSet.tryToRemove(LockFreeSet.java:191)                    |                                                                                                          |                      |
|       getReference(): ListNode@4 at LockFreeSet.tryToRemove(LockFreeSet.java:191)                              |                                                                                                          |                      |
|       tail.READ: ListNode@3 at LockFreeSet.tryToRemove(LockFreeSet.java:192)                                   |                                                                                                          |                      |
|       next.READ: AtomicMarkableReference@3 at LockFreeSet.tryToRemove(LockFreeSet.java:192)                    |                                                                                                          |                      |
|       isMarked(): false at LockFreeSet.tryToRemove(LockFreeSet.java:192)                                       |                                                                                                          |                      |
|       next.READ: AtomicMarkableReference@1 at LockFreeSet.tryToRemove(LockFreeSet.java:195)                    |                                                                                                          |                      |
|       isMarked(): false at LockFreeSet.tryToRemove(LockFreeSet.java:195)                                       |                                                                                                          |                      |
|       next.READ: AtomicMarkableReference@1 at LockFreeSet.tryToRemove(LockFreeSet.java:196)                    |                                                                                                          |                      |
|       switch                                                                                                   |                                                                                                          |                      |
|                                                                                                                |       next.READ: AtomicMarkableReference@2 at LockFreeSet.lookUp(LockFreeSet.java:172)                   |                      |
|                                                                                                                |       isMarked(): true at LockFreeSet.lookUp(LockFreeSet.java:172)                                       |                      |
|                                                                                                                |       next.READ: AtomicMarkableReference@1 at LockFreeSet.lookUp(LockFreeSet.java:173)                   |                      |
|                                                                                                                |       compareAndSet(ListNode@2,ListNode@3,false,false): true at LockFreeSet.lookUp(LockFreeSet.java:173) |                      |
|                                                                                                                |       tail.READ: ListNode@3 at LockFreeSet.lookUp(LockFreeSet.java:169)                                  |                      |
|                                                                                                                |     access$000(ListNode@3): null at LockFreeSet.add(LockFreeSet.java:60)                                 |                      |
|                                                                                                                |     tail.READ: ListNode@3 at LockFreeSet.add(LockFreeSet.java:64)                                        |                      |
|                                                                                                                |     set(ListNode@3,false) at LockFreeSet.add(LockFreeSet.java:76)                                        |                      |
|                                                                                                                |     next.READ: AtomicMarkableReference@1 at LockFreeSet.add(LockFreeSet.java:77)                         |                      |
|                                                                                                                |     compareAndSet(ListNode@3,ListNode@5,false,false): true at LockFreeSet.add(LockFreeSet.java:77)       |                      |
|                                                                                                                |   result: true                                                                                           |                      |
|                                                                                                                |   thread is finished                                                                                     |                      |
|                                                                                                                |                                                                                                          | iterator(): [3]      |
|                                                                                                                |                                                                                                          |   thread is finished |
|       compareAndSet(ListNode@2,ListNode@4,false,false): false at LockFreeSet.tryToRemove(LockFreeSet.java:196) |                                                                                                          |                      |
|   result: true                                                                                                 |                                                                                                          |                      |
|   thread is finished                                                                                           |                                                                                                          |                      |
	at org.jetbrains.kotlinx.lincheck.LinChecker.check(LinChecker.kt:51)
	at org.jetbrains.kotlinx.lincheck.LinChecker$Companion.check(LinChecker.kt:182)
	at shad.LincheckLockFreeSetTest.runTest_1(LincheckLockFreeSetTest.kt:48)
	at java.base/jdk.internal.reflect.NativeMethodAccessorImpl.invoke0(Native Method)
	at java.base/jdk.internal.reflect.NativeMethodAccessorImpl.invoke(NativeMethodAccessorImpl.java:62)
	at java.base/jdk.internal.reflect.DelegatingMethodAccessorImpl.invoke(DelegatingMethodAccessorImpl.java:43)
	at java.base/java.lang.reflect.Method.invoke(Method.java:566)
	at org.junit.runners.model.FrameworkMethod$1.runReflectiveCall(FrameworkMethod.java:59)
	at org.junit.internal.runners.model.ReflectiveCallable.run(ReflectiveCallable.java:12)
	at org.junit.runners.model.FrameworkMethod.invokeExplosively(FrameworkMethod.java:56)
	at org.junit.internal.runners.statements.InvokeMethod.evaluate(InvokeMethod.java:17)
	at org.junit.runners.ParentRunner$3.evaluate(ParentRunner.java:306)
	at org.junit.runners.BlockJUnit4ClassRunner$1.evaluate(BlockJUnit4ClassRunner.java:100)
	at org.junit.runners.ParentRunner.runLeaf(ParentRunner.java:366)
	at org.junit.runners.BlockJUnit4ClassRunner.runChild(BlockJUnit4ClassRunner.java:103)
	at org.junit.runners.BlockJUnit4ClassRunner.runChild(BlockJUnit4ClassRunner.java:63)
	at org.junit.runners.ParentRunner$4.run(ParentRunner.java:331)
	at org.junit.runners.ParentRunner$1.schedule(ParentRunner.java:79)
	at org.junit.runners.ParentRunner.runChildren(ParentRunner.java:329)
	at org.junit.runners.ParentRunner.access$100(ParentRunner.java:66)
	at org.junit.runners.ParentRunner$2.evaluate(ParentRunner.java:293)
	at org.junit.runners.ParentRunner$3.evaluate(ParentRunner.java:306)
	at org.junit.runners.ParentRunner.run(ParentRunner.java:413)
	at org.gradle.api.internal.tasks.testing.junit.JUnitTestClassExecutor.runTestClass(JUnitTestClassExecutor.java:110)
	at org.gradle.api.internal.tasks.testing.junit.JUnitTestClassExecutor.execute(JUnitTestClassExecutor.java:58)
	at org.gradle.api.internal.tasks.testing.junit.JUnitTestClassExecutor.execute(JUnitTestClassExecutor.java:38)
	at org.gradle.api.internal.tasks.testing.junit.AbstractJUnitTestClassProcessor.processTestClass(AbstractJUnitTestClassProcessor.java:62)
	at org.gradle.api.internal.tasks.testing.SuiteTestClassProcessor.processTestClass(SuiteTestClassProcessor.java:51)
	at java.base/jdk.internal.reflect.NativeMethodAccessorImpl.invoke0(Native Method)
	at java.base/jdk.internal.reflect.NativeMethodAccessorImpl.invoke(NativeMethodAccessorImpl.java:62)
	at java.base/jdk.internal.reflect.DelegatingMethodAccessorImpl.invoke(DelegatingMethodAccessorImpl.java:43)
	at java.base/java.lang.reflect.Method.invoke(Method.java:566)
	at org.gradle.internal.dispatch.ReflectionDispatch.dispatch(ReflectionDispatch.java:36)
	at org.gradle.internal.dispatch.ReflectionDispatch.dispatch(ReflectionDispatch.java:24)
	at org.gradle.internal.dispatch.ContextClassLoaderDispatch.dispatch(ContextClassLoaderDispatch.java:33)
	at org.gradle.internal.dispatch.ProxyDispatchAdapter$DispatchingInvocationHandler.invoke(ProxyDispatchAdapter.java:94)
	at com.sun.proxy.$Proxy2.processTestClass(Unknown Source)
	at org.gradle.api.internal.tasks.testing.worker.TestWorker.processTestClass(TestWorker.java:119)
	at java.base/jdk.internal.reflect.NativeMethodAccessorImpl.invoke0(Native Method)
	at java.base/jdk.internal.reflect.NativeMethodAccessorImpl.invoke(NativeMethodAccessorImpl.java:62)
	at java.base/jdk.internal.reflect.DelegatingMethodAccessorImpl.invoke(DelegatingMethodAccessorImpl.java:43)
	at java.base/java.lang.reflect.Method.invoke(Method.java:566)
	at org.gradle.internal.dispatch.ReflectionDispatch.dispatch(ReflectionDispatch.java:36)
	at org.gradle.internal.dispatch.ReflectionDispatch.dispatch(ReflectionDispatch.java:24)
	at org.gradle.internal.remote.internal.hub.MessageHubBackedObjectConnection$DispatchWrapper.dispatch(MessageHubBackedObjectConnection.java:182)
	at org.gradle.internal.remote.internal.hub.MessageHubBackedObjectConnection$DispatchWrapper.dispatch(MessageHubBackedObjectConnection.java:164)
	at org.gradle.internal.remote.internal.hub.MessageHub$Handler.run(MessageHub.java:414)
	at org.gradle.internal.concurrent.ExecutorPolicy$CatchAndRecordFailures.onExecute(ExecutorPolicy.java:64)
	at org.gradle.internal.concurrent.ManagedExecutorImpl$1.run(ManagedExecutorImpl.java:48)
	at java.base/java.util.concurrent.ThreadPoolExecutor.runWorker(ThreadPoolExecutor.java:1128)
	at java.base/java.util.concurrent.ThreadPoolExecutor$Worker.run(ThreadPoolExecutor.java:628)
	at org.gradle.internal.concurrent.ThreadFactoryImpl$ManagedThreadRunnable.run(ThreadFactoryImpl.java:56)
	at java.base/java.lang.Thread.run(Thread.java:834)

