= The execution has hung, see the thread dump =
Execution scenario (parallel part):
| iterator() |

Thread-0:
	org.objectweb.asm.SymbolTable.addConstantUtf8(SymbolTable.java:772)
	org.objectweb.asm.SymbolTable.addConstantUtf8Reference(SymbolTable.java:1007)
	org.objectweb.asm.SymbolTable.addConstantString(SymbolTable.java:604)
	org.objectweb.asm.SymbolTable.addConstant(SymbolTable.java:474)
	org.objectweb.asm.MethodWriter.visitLdcInsn(MethodWriter.java:1279)
	org.objectweb.asm.MethodVisitor.visitLdcInsn(MethodVisitor.java:550)
	org.objectweb.asm.commons.MethodRemapper.visitLdcInsn(MethodRemapper.java:198)
	org.objectweb.asm.tree.LdcInsnNode.accept(LdcInsnNode.java:66)
	org.objectweb.asm.tree.InsnList.accept(InsnList.java:144)
	org.objectweb.asm.tree.MethodNode.accept(MethodNode.java:751)
	org.objectweb.asm.commons.JSRInlinerAdapter.visitEnd(JSRInlinerAdapter.java:158)
	org.objectweb.asm.tree.MethodNode.accept(MethodNode.java:772)
	org.objectweb.asm.commons.TryCatchBlockSorter.visitEnd(TryCatchBlockSorter.java:123)
	org.objectweb.asm.MethodVisitor.visitEnd(MethodVisitor.java:783)
	org.objectweb.asm.MethodVisitor.visitEnd(MethodVisitor.java:783)
	org.objectweb.asm.MethodVisitor.visitEnd(MethodVisitor.java:783)
	org.objectweb.asm.MethodVisitor.visitEnd(MethodVisitor.java:783)
	org.objectweb.asm.MethodVisitor.visitEnd(MethodVisitor.java:783)
	org.objectweb.asm.MethodVisitor.visitEnd(MethodVisitor.java:783)
	org.objectweb.asm.MethodVisitor.visitEnd(MethodVisitor.java:783)
	org.objectweb.asm.MethodVisitor.visitEnd(MethodVisitor.java:783)
	org.objectweb.asm.MethodVisitor.visitEnd(MethodVisitor.java:783)
	org.objectweb.asm.MethodVisitor.visitEnd(MethodVisitor.java:783)
	org.objectweb.asm.MethodVisitor.visitEnd(MethodVisitor.java:783)
	org.objectweb.asm.MethodVisitor.visitEnd(MethodVisitor.java:783)
	org.objectweb.asm.MethodVisitor.visitEnd(MethodVisitor.java:783)
	org.objectweb.asm.MethodVisitor.visitEnd(MethodVisitor.java:783)
	org.objectweb.asm.MethodVisitor.visitEnd(MethodVisitor.java:783)
	org.objectweb.asm.MethodVisitor.visitEnd(MethodVisitor.java:783)
	org.objectweb.asm.MethodVisitor.visitEnd(MethodVisitor.java:783)
	org.objectweb.asm.MethodVisitor.visitEnd(MethodVisitor.java:783)
	org.objectweb.asm.MethodVisitor.visitEnd(MethodVisitor.java:783)
	org.objectweb.asm.MethodVisitor.visitEnd(MethodVisitor.java:783)
	org.objectweb.asm.MethodVisitor.visitEnd(MethodVisitor.java:783)
	org.objectweb.asm.MethodVisitor.visitEnd(MethodVisitor.java:783)
	org.objectweb.asm.MethodVisitor.visitEnd(MethodVisitor.java:783)
	org.objectweb.asm.MethodVisitor.visitEnd(MethodVisitor.java:783)
	org.objectweb.asm.MethodVisitor.visitEnd(MethodVisitor.java:783)
	org.objectweb.asm.MethodVisitor.visitEnd(MethodVisitor.java:783)
	org.objectweb.asm.MethodVisitor.visitEnd(MethodVisitor.java:783)
	org.objectweb.asm.ClassReader.readMethod(ClassReader.java:1485)
	org.objectweb.asm.ClassReader.accept(ClassReader.java:711)
	org.objectweb.asm.ClassReader.accept(ClassReader.java:394)
	org.jetbrains.kotlinx.lincheck.TransformationClassLoader.instrument(TransformationClassLoader.java:169)
	org.jetbrains.kotlinx.lincheck.TransformationClassLoader.loadClass(TransformationClassLoader.java:132)
	java.lang.ClassLoader.defineClass1(Native Method)
	java.lang.ClassLoader.defineClass(ClassLoader.java:1016)
	java.lang.ClassLoader.defineClass(ClassLoader.java:877)
	org.jetbrains.kotlinx.lincheck.TransformationClassLoader.loadClass(TransformationClassLoader.java:133)
	shad.Tukh_9.first.LockFreeSet.getListContent(LockFreeSet.java:150)
	shad.Tukh_9.first.LockFreeSet.iterator(LockFreeSet.java:139)
	shad.LincheckLockFreeSetTest.iterator(LincheckLockFreeSetTest.kt:33)
	org.jetbrains.kotlinx.lincheck.runner.TestThreadExecution181.run(Unknown Source)
	org.jetbrains.kotlinx.lincheck.runner.FixedActiveThreadsExecutor$testThreadRunnable$1.run(FixedActiveThreadsExecutor.kt:163)
	java.lang.Thread.run(Thread.java:834)

org.jetbrains.kotlinx.lincheck.LincheckAssertionError:
= The execution has hung, see the thread dump =
Execution scenario (parallel part):
| iterator() |

Thread-0:
	org.objectweb.asm.SymbolTable.addConstantUtf8(SymbolTable.java:772)
	org.objectweb.asm.SymbolTable.addConstantUtf8Reference(SymbolTable.java:1007)
	org.objectweb.asm.SymbolTable.addConstantString(SymbolTable.java:604)
	org.objectweb.asm.SymbolTable.addConstant(SymbolTable.java:474)
	org.objectweb.asm.MethodWriter.visitLdcInsn(MethodWriter.java:1279)
	org.objectweb.asm.MethodVisitor.visitLdcInsn(MethodVisitor.java:550)
	org.objectweb.asm.commons.MethodRemapper.visitLdcInsn(MethodRemapper.java:198)
	org.objectweb.asm.tree.LdcInsnNode.accept(LdcInsnNode.java:66)
	org.objectweb.asm.tree.InsnList.accept(InsnList.java:144)
	org.objectweb.asm.tree.MethodNode.accept(MethodNode.java:751)
	org.objectweb.asm.commons.JSRInlinerAdapter.visitEnd(JSRInlinerAdapter.java:158)
	org.objectweb.asm.tree.MethodNode.accept(MethodNode.java:772)
	org.objectweb.asm.commons.TryCatchBlockSorter.visitEnd(TryCatchBlockSorter.java:123)
	org.objectweb.asm.MethodVisitor.visitEnd(MethodVisitor.java:783)
	org.objectweb.asm.MethodVisitor.visitEnd(MethodVisitor.java:783)
	org.objectweb.asm.MethodVisitor.visitEnd(MethodVisitor.java:783)
	org.objectweb.asm.MethodVisitor.visitEnd(MethodVisitor.java:783)
	org.objectweb.asm.MethodVisitor.visitEnd(MethodVisitor.java:783)
	org.objectweb.asm.MethodVisitor.visitEnd(MethodVisitor.java:783)
	org.objectweb.asm.MethodVisitor.visitEnd(MethodVisitor.java:783)
	org.objectweb.asm.MethodVisitor.visitEnd(MethodVisitor.java:783)
	org.objectweb.asm.MethodVisitor.visitEnd(MethodVisitor.java:783)
	org.objectweb.asm.MethodVisitor.visitEnd(MethodVisitor.java:783)
	org.objectweb.asm.MethodVisitor.visitEnd(MethodVisitor.java:783)
	org.objectweb.asm.MethodVisitor.visitEnd(MethodVisitor.java:783)
	org.objectweb.asm.MethodVisitor.visitEnd(MethodVisitor.java:783)
	org.objectweb.asm.MethodVisitor.visitEnd(MethodVisitor.java:783)
	org.objectweb.asm.MethodVisitor.visitEnd(MethodVisitor.java:783)
	org.objectweb.asm.MethodVisitor.visitEnd(MethodVisitor.java:783)
	org.objectweb.asm.MethodVisitor.visitEnd(MethodVisitor.java:783)
	org.objectweb.asm.MethodVisitor.visitEnd(MethodVisitor.java:783)
	org.objectweb.asm.MethodVisitor.visitEnd(MethodVisitor.java:783)
	org.objectweb.asm.MethodVisitor.visitEnd(MethodVisitor.java:783)
	org.objectweb.asm.MethodVisitor.visitEnd(MethodVisitor.java:783)
	org.objectweb.asm.MethodVisitor.visitEnd(MethodVisitor.java:783)
	org.objectweb.asm.MethodVisitor.visitEnd(MethodVisitor.java:783)
	org.objectweb.asm.MethodVisitor.visitEnd(MethodVisitor.java:783)
	org.objectweb.asm.MethodVisitor.visitEnd(MethodVisitor.java:783)
	org.objectweb.asm.MethodVisitor.visitEnd(MethodVisitor.java:783)
	org.objectweb.asm.MethodVisitor.visitEnd(MethodVisitor.java:783)
	org.objectweb.asm.ClassReader.readMethod(ClassReader.java:1485)
	org.objectweb.asm.ClassReader.accept(ClassReader.java:711)
	org.objectweb.asm.ClassReader.accept(ClassReader.java:394)
	org.jetbrains.kotlinx.lincheck.TransformationClassLoader.instrument(TransformationClassLoader.java:169)
	org.jetbrains.kotlinx.lincheck.TransformationClassLoader.loadClass(TransformationClassLoader.java:132)
	java.lang.ClassLoader.defineClass1(Native Method)
	java.lang.ClassLoader.defineClass(ClassLoader.java:1016)
	java.lang.ClassLoader.defineClass(ClassLoader.java:877)
	org.jetbrains.kotlinx.lincheck.TransformationClassLoader.loadClass(TransformationClassLoader.java:133)
	shad.Tukh_9.first.LockFreeSet.getListContent(LockFreeSet.java:150)
	shad.Tukh_9.first.LockFreeSet.iterator(LockFreeSet.java:139)
	shad.LincheckLockFreeSetTest.iterator(LincheckLockFreeSetTest.kt:33)
	org.jetbrains.kotlinx.lincheck.runner.TestThreadExecution181.run(Unknown Source)
	org.jetbrains.kotlinx.lincheck.runner.FixedActiveThreadsExecutor$testThreadRunnable$1.run(FixedActiveThreadsExecutor.kt:163)
	java.lang.Thread.run(Thread.java:834)

	at org.jetbrains.kotlinx.lincheck.LinChecker.check(LinChecker.kt:51)
	at org.jetbrains.kotlinx.lincheck.LinChecker$Companion.check(LinChecker.kt:182)
	at shad.LincheckLockFreeSetTest.runTest_2(LincheckLockFreeSetTest.kt:64)
	at java.base/jdk.internal.reflect.NativeMethodAccessorImpl.invoke0(Native Method)
	at java.base/jdk.internal.reflect.NativeMethodAccessorImpl.invoke(NativeMethodAccessorImpl.java:62)
	at java.base/jdk.internal.reflect.DelegatingMethodAccessorImpl.invoke(DelegatingMethodAccessorImpl.java:43)
	at java.base/java.lang.reflect.Method.invoke(Method.java:566)
	at org.junit.runners.model.FrameworkMethod$1.runReflectiveCall(FrameworkMethod.java:59)
	at org.junit.internal.runners.model.ReflectiveCallable.run(ReflectiveCallable.java:12)
	at org.junit.runners.model.FrameworkMethod.invokeExplosively(FrameworkMethod.java:56)
	at org.junit.internal.runners.statements.InvokeMethod.evaluate(InvokeMethod.java:17)
	at org.junit.runners.ParentRunner$3.evaluate(ParentRunner.java:306)
	at org.junit.runners.BlockJUnit4ClassRunner$1.evaluate(BlockJUnit4ClassRunner.java:100)
	at org.junit.runners.ParentRunner.runLeaf(ParentRunner.java:366)
	at org.junit.runners.BlockJUnit4ClassRunner.runChild(BlockJUnit4ClassRunner.java:103)
	at org.junit.runners.BlockJUnit4ClassRunner.runChild(BlockJUnit4ClassRunner.java:63)
	at org.junit.runners.ParentRunner$4.run(ParentRunner.java:331)
	at org.junit.runners.ParentRunner$1.schedule(ParentRunner.java:79)
	at org.junit.runners.ParentRunner.runChildren(ParentRunner.java:329)
	at org.junit.runners.ParentRunner.access$100(ParentRunner.java:66)
	at org.junit.runners.ParentRunner$2.evaluate(ParentRunner.java:293)
	at org.junit.runners.ParentRunner$3.evaluate(ParentRunner.java:306)
	at org.junit.runners.ParentRunner.run(ParentRunner.java:413)
	at org.gradle.api.internal.tasks.testing.junit.JUnitTestClassExecutor.runTestClass(JUnitTestClassExecutor.java:110)
	at org.gradle.api.internal.tasks.testing.junit.JUnitTestClassExecutor.execute(JUnitTestClassExecutor.java:58)
	at org.gradle.api.internal.tasks.testing.junit.JUnitTestClassExecutor.execute(JUnitTestClassExecutor.java:38)
	at org.gradle.api.internal.tasks.testing.junit.AbstractJUnitTestClassProcessor.processTestClass(AbstractJUnitTestClassProcessor.java:62)
	at org.gradle.api.internal.tasks.testing.SuiteTestClassProcessor.processTestClass(SuiteTestClassProcessor.java:51)
	at java.base/jdk.internal.reflect.NativeMethodAccessorImpl.invoke0(Native Method)
	at java.base/jdk.internal.reflect.NativeMethodAccessorImpl.invoke(NativeMethodAccessorImpl.java:62)
	at java.base/jdk.internal.reflect.DelegatingMethodAccessorImpl.invoke(DelegatingMethodAccessorImpl.java:43)
	at java.base/java.lang.reflect.Method.invoke(Method.java:566)
	at org.gradle.internal.dispatch.ReflectionDispatch.dispatch(ReflectionDispatch.java:36)
	at org.gradle.internal.dispatch.ReflectionDispatch.dispatch(ReflectionDispatch.java:24)
	at org.gradle.internal.dispatch.ContextClassLoaderDispatch.dispatch(ContextClassLoaderDispatch.java:33)
	at org.gradle.internal.dispatch.ProxyDispatchAdapter$DispatchingInvocationHandler.invoke(ProxyDispatchAdapter.java:94)
	at com.sun.proxy.$Proxy2.processTestClass(Unknown Source)
	at org.gradle.api.internal.tasks.testing.worker.TestWorker.processTestClass(TestWorker.java:119)
	at java.base/jdk.internal.reflect.NativeMethodAccessorImpl.invoke0(Native Method)
	at java.base/jdk.internal.reflect.NativeMethodAccessorImpl.invoke(NativeMethodAccessorImpl.java:62)
	at java.base/jdk.internal.reflect.DelegatingMethodAccessorImpl.invoke(DelegatingMethodAccessorImpl.java:43)
	at java.base/java.lang.reflect.Method.invoke(Method.java:566)
	at org.gradle.internal.dispatch.ReflectionDispatch.dispatch(ReflectionDispatch.java:36)
	at org.gradle.internal.dispatch.ReflectionDispatch.dispatch(ReflectionDispatch.java:24)
	at org.gradle.internal.remote.internal.hub.MessageHubBackedObjectConnection$DispatchWrapper.dispatch(MessageHubBackedObjectConnection.java:182)
	at org.gradle.internal.remote.internal.hub.MessageHubBackedObjectConnection$DispatchWrapper.dispatch(MessageHubBackedObjectConnection.java:164)
	at org.gradle.internal.remote.internal.hub.MessageHub$Handler.run(MessageHub.java:414)
	at org.gradle.internal.concurrent.ExecutorPolicy$CatchAndRecordFailures.onExecute(ExecutorPolicy.java:64)
	at org.gradle.internal.concurrent.ManagedExecutorImpl$1.run(ManagedExecutorImpl.java:48)
	at java.base/java.util.concurrent.ThreadPoolExecutor.runWorker(ThreadPoolExecutor.java:1128)
	at java.base/java.util.concurrent.ThreadPoolExecutor$Worker.run(ThreadPoolExecutor.java:628)
	at org.gradle.internal.concurrent.ThreadFactoryImpl$ManagedThreadRunnable.run(ThreadFactoryImpl.java:56)
	at java.base/java.lang.Thread.run(Thread.java:834)

